<?xml version="1.0" encoding="UTF-8"?><testsuite errors="0" failures="0" name="com.bestbuy.productsnstoresinfo.TagsTest" skipped="0" tests="2" time="0.06" timestamp="2023-01-10T12:46:46.771Z[Europe/London]"><testcase classname="com.bestbuy.productsnstoresinfo.TagsTest" name="Provide a 405 status code when incorrect HTTP method is used to access resource"/><testcase classname="com.bestbuy.productsnstoresinfo.TagsTest" name="This test will verify if a status code of 200 is returned for GET request"/></testsuite>