<?xml version="1.0" encoding="UTF-8"?><testsuite errors="0" failures="0" name="Testing different request on the best buy api" skipped="0" tests="5" time="2.81" timestamp="2023-01-10T12:46:42.598Z[Europe/London]"><testcase name="Check if the best buy store api can be accessed by users"/><testcase name="Check if a new store can be created on the best buy store api"/><testcase name="Check if the best buy store api can be accessed by users by searching store by ID"/><testcase name="Check if the best buy store api can be updated by users by searching store by ID"/><testcase name="Check if the users can delete the store by searching store by ID"/></testsuite>